\BOOKMARK [0][-]{MUTESCHAPTER.1.0}{\376\377\000S\000u\000m\000\341\000r\000i\000o}{}% 1
\BOOKMARK [0][-]{CHAPTER.1}{\376\377\0001\000\040\000I\000n\000t\000r\000o\000d\000u\000\347\000\343\000o}{}% 2
\BOOKMARK [1][-]{section.1.1}{\376\377\0001\000.\0001\000\040\000L\000i\000n\000g\000u\000a\000g\000e\000m\000\040\000E\000s\000c\000o\000l\000h\000i\000d\000a\000:\000\040\000R}{CHAPTER.1}% 3
\BOOKMARK [1][-]{section.1.2}{\376\377\0001\000.\0002\000\040\000P\000r\000o\000b\000l\000e\000m\000a\000\040\000e\000s\000c\000o\000l\000h\000i\000d\000o\000:\000\040\000G\000a\000l\000\341\000x\000i\000a\000s}{CHAPTER.1}% 4
\BOOKMARK [2][-]{subsection.1.2.1}{\376\377\0001\000.\0002\000.\0001\000\040\000P\000r\000o\000b\000l\000e\000m\000a\000\040\000d\000e\000\040\000N\000-\000c\000o\000r\000p\000o\000s}{section.1.2}% 5
\BOOKMARK [2][-]{subsection.1.2.2}{\376\377\0001\000.\0002\000.\0002\000\040\000A\000l\000g\000o\000r\000i\000t\000m\000o\000\040\000d\000e\000\040\000B\000a\000r\000n\000e\000s\000-\000H\000u\000t}{section.1.2}% 6
\BOOKMARK [0][-]{CHAPTER.2}{\376\377\0002\000\040\000I\000m\000p\000l\000e\000m\000e\000n\000t\000a\000\347\000\343\000o}{}% 7
\BOOKMARK [1][-]{section.2.1}{\376\377\0002\000.\0001\000\040\000I\000m\000p\000l\000e\000m\000e\000n\000t\000a\000\347\000\343\000o\000\040\000F\000\355\000s\000i\000c\000a}{CHAPTER.2}% 8
\BOOKMARK [1][-]{section.2.2}{\376\377\0002\000.\0002\000\040\000I\000m\000p\000l\000e\000m\000e\000n\000t\000a\000\347\000\343\000o\000\040\000n\000o\000\040\000P\000a\000r\000a\000d\000i\000g\000m\000a\000\040\000F\000u\000n\000c\000i\000o\000n\000a\000l}{CHAPTER.2}% 9
\BOOKMARK [2][-]{subsection.2.2.1}{\376\377\0002\000.\0002\000.\0001\000\040\000V\000i\000s\000u\000a\000l\000i\000z\000a\000\347\000\343\000o\000\040\000G\000r\000\341\000f\000i\000c\000a}{section.2.2}% 10
\BOOKMARK [1][-]{section.2.3}{\376\377\0002\000.\0003\000\040\000A\000s\000p\000e\000c\000t\000o\000s\000\040\000f\000u\000n\000c\000i\000o\000n\000a\000i\000s}{CHAPTER.2}% 11
\BOOKMARK [2][-]{subsection.2.3.1}{\376\377\0002\000.\0003\000.\0001\000\040\000E\000l\000e\000m\000e\000n\000t\000o\000s\000\040\000i\000m\000u\000t\000\341\000v\000e\000i\000s}{section.2.3}% 12
\BOOKMARK [2][-]{subsection.2.3.2}{\376\377\0002\000.\0003\000.\0002\000\040\000F\000u\000n\000\347\000\365\000e\000s\000\040\000n\000\343\000o\000\040\000n\000o\000m\000e\000a\000d\000a\000s}{section.2.3}% 13
\BOOKMARK [2][-]{subsection.2.3.3}{\376\377\0002\000.\0003\000.\0003\000\040\000C\000u\000r\000r\000y\000i\000n\000g}{section.2.3}% 14
\BOOKMARK [2][-]{subsection.2.3.4}{\376\377\0002\000.\0003\000.\0004\000\040\000F\000u\000n\000\347\000\365\000e\000s\000\040\000d\000e\000\040\000o\000r\000d\000e\000m\000\040\000s\000u\000p\000e\000r\000i\000o\000r\000\040\000p\000r\000\363\000p\000r\000i\000a\000s}{section.2.3}% 15
\BOOKMARK [2][-]{subsection.2.3.5}{\376\377\0002\000.\0003\000.\0005\000\040\000F\000u\000n\000\347\000\365\000e\000s\000\040\000d\000e\000\040\000o\000r\000d\000e\000m\000\040\000s\000u\000p\000e\000r\000i\000o\000r\000\040\000p\000r\000o\000n\000t\000a\000s}{section.2.3}% 16
\BOOKMARK [2][-]{subsection.2.3.6}{\376\377\0002\000.\0003\000.\0006\000\040\000F\000u\000n\000\347\000\365\000e\000s\000\040\000c\000o\000m\000o\000\040\000e\000l\000e\000m\000e\000n\000t\000o\000\040\000d\000e\000\040\000p\000r\000i\000m\000e\000i\000r\000a\000\040\000o\000r\000d\000e\000m}{section.2.3}% 17
\BOOKMARK [2][-]{subsection.2.3.7}{\376\377\0002\000.\0003\000.\0007\000\040\000F\000u\000n\000\347\000\365\000e\000s\000\040\000c\000o\000m\000\040\000p\000a\000t\000t\000e\000r\000n\000\040\000m\000a\000t\000c\000h\000i\000n\000g}{section.2.3}% 18
\BOOKMARK [2][-]{subsection.2.3.8}{\376\377\0002\000.\0003\000.\0008\000\040\000R\000e\000c\000u\000r\000s\000\343\000o}{section.2.3}% 19
\BOOKMARK [2][-]{subsection.2.3.9}{\376\377\0002\000.\0003\000.\0009\000\040\000A\000n\000\341\000l\000i\000s\000e\000\040\000d\000o\000\040\000a\000l\000g\000o\000r\000i\000t\000m\000o}{section.2.3}% 20
\BOOKMARK [2][-]{subsection.2.3.10}{\376\377\0002\000.\0003\000.\0001\0000\000\040\000A\000n\000\341\000l\000i\000s\000e\000\040\000d\000a\000\040\000l\000i\000n\000g\000u\000a\000g\000e\000m}{section.2.3}% 21
\BOOKMARK [3][-]{subsubsection.2.3.10.1}{\376\377\0002\000.\0003\000.\0001\0000\000.\0001\000\040\000S\000i\000m\000p\000l\000i\000c\000i\000d\000a\000d\000e}{subsection.2.3.10}% 22
\BOOKMARK [3][-]{subsubsection.2.3.10.2}{\376\377\0002\000.\0003\000.\0001\0000\000.\0002\000\040\000O\000r\000t\000o\000g\000o\000n\000a\000l\000i\000d\000a\000d\000e}{subsection.2.3.10}% 23
\BOOKMARK [3][-]{subsubsection.2.3.10.3}{\376\377\0002\000.\0003\000.\0001\0000\000.\0003\000\040\000E\000x\000p\000r\000e\000s\000s\000i\000v\000i\000d\000a\000d\000e}{subsection.2.3.10}% 24
\BOOKMARK [3][-]{subsubsection.2.3.10.4}{\376\377\0002\000.\0003\000.\0001\0000\000.\0004\000\040\000A\000d\000e\000q\000u\000a\000b\000i\000l\000i\000d\000a\000d\000e\000\040\000e\000\040\000v\000a\000r\000i\000e\000d\000a\000d\000e\000\040\000d\000e\000\040\000e\000s\000t\000r\000u\000t\000u\000r\000a\000s\000\040\000d\000e\000\040\000c\000o\000n\000t\000r\000o\000l\000e}{subsection.2.3.10}% 25
\BOOKMARK [3][-]{subsubsection.2.3.10.5}{\376\377\0002\000.\0003\000.\0001\0000\000.\0005\000\040\000M\000e\000c\000a\000n\000i\000s\000m\000o\000s\000\040\000d\000e\000\040\000d\000e\000f\000i\000n\000i\000\347\000\343\000o\000\040\000d\000e\000\040\000t\000i\000p\000o\000s}{subsection.2.3.10}% 26
\BOOKMARK [3][-]{subsubsection.2.3.10.6}{\376\377\0002\000.\0003\000.\0001\0000\000.\0006\000\040\000S\000u\000p\000o\000r\000t\000e\000\040\000a\000\040\000a\000b\000s\000t\000r\000a\000\347\000\343\000o\000\040\000d\000e\000\040\000d\000a\000d\000o\000s}{subsection.2.3.10}% 27
\BOOKMARK [3][-]{subsubsection.2.3.10.7}{\376\377\0002\000.\0003\000.\0001\0000\000.\0007\000\040\000S\000u\000p\000o\000r\000t\000e\000\040\000a\000\040\000a\000b\000s\000t\000r\000a\000\347\000\343\000o\000\040\000d\000e\000\040\000p\000r\000o\000c\000e\000s\000s\000o\000s}{subsection.2.3.10}% 28
\BOOKMARK [3][-]{subsubsection.2.3.10.8}{\376\377\0002\000.\0003\000.\0001\0000\000.\0008\000\040\000M\000o\000d\000e\000l\000o\000\040\000d\000e\000\040\000t\000i\000p\000o\000s}{subsection.2.3.10}% 29
\BOOKMARK [3][-]{subsubsection.2.3.10.9}{\376\377\0002\000.\0003\000.\0001\0000\000.\0009\000\040\000P\000o\000r\000t\000a\000b\000i\000l\000i\000d\000a\000d\000e}{subsection.2.3.10}% 30
\BOOKMARK [3][-]{subsubsection.2.3.10.10}{\376\377\0002\000.\0003\000.\0001\0000\000.\0001\0000\000\040\000R\000e\000u\000s\000a\000b\000i\000l\000i\000d\000a\000d\000e}{subsection.2.3.10}% 31
\BOOKMARK [3][-]{subsubsection.2.3.10.11}{\376\377\0002\000.\0003\000.\0001\0000\000.\0001\0001\000\040\000S\000u\000p\000o\000r\000t\000e\000\040\000e\000\040\000d\000o\000c\000u\000m\000e\000n\000t\000a\000\347\000\343\000o}{subsection.2.3.10}% 32
\BOOKMARK [3][-]{subsubsection.2.3.10.12}{\376\377\0002\000.\0003\000.\0001\0000\000.\0001\0002\000\040\000T\000a\000m\000a\000n\000h\000o\000\040\000d\000e\000\040\000c\000\363\000d\000i\000g\000o}{subsection.2.3.10}% 33
\BOOKMARK [3][-]{subsubsection.2.3.10.13}{\376\377\0002\000.\0003\000.\0001\0000\000.\0001\0003\000\040\000G\000e\000n\000e\000r\000a\000l\000i\000d\000a\000d\000e}{subsection.2.3.10}% 34
\BOOKMARK [3][-]{subsubsection.2.3.10.14}{\376\377\0002\000.\0003\000.\0001\0000\000.\0001\0004\000\040\000E\000f\000i\000c\000i\000\352\000n\000c\000i\000a}{subsection.2.3.10}% 35
\BOOKMARK [3][-]{subsubsection.2.3.10.15}{\376\377\0002\000.\0003\000.\0001\0000\000.\0001\0005\000\040\000C\000u\000s\000t\000o}{subsection.2.3.10}% 36
\BOOKMARK [0][-]{CHAPTER.3}{\376\377\0003\000\040\000C\000O\000N\000C\000L\000U\000S\000\303\000O}{}% 37
\BOOKMARK [0][-]{schapter.2}{\376\377\000R\000e\000f\000e\000r\000\352\000n\000c\000i\000a\000s}{}% 38
